<!DOCTYPE html PUBLIC "-//W3C//DTD XHTML 1.1//EN" "http://www.w3.org/TR/xhtml11/DTD/xhtml11.dtd">
<html xmlns="http://www.w3.org/1999/xhtml">
<head>
<meta http-equiv="content-type" content="text/html; charset=UTF-8"/>
<title>TestNG Report</title>
<style type="text/css">table {margin-bottom:10px;border-collapse:collapse;empty-cells:show}th,td {border:1px solid #009;padding:.25em .5em}th {vertical-align:bottom}td {vertical-align:top}table a {font-weight:bold}.stripe td {background-color: #E6EBF9}.num {text-align:right}.passedodd td {background-color: #3F3}.passedeven td {background-color: #0A0}.skippedodd td {background-color: #DDD}.skippedeven td {background-color: #CCC}.failedodd td,.attn {background-color: #F33}.failedeven td,.stripe .attn {background-color: #D00}.stacktrace {white-space:pre;font-family:monospace}.totop {font-size:85%;text-align:center;border-bottom:2px solid #000}.invisible {display:none}</style>
</head>
<body>
<table>
<tr><th>Test</th><th># Passed</th><th># Skipped</th><th># Failed</th><th>Time (ms)</th><th>Included Groups</th><th>Excluded Groups</th></tr>
<tr><th colspan="7">Command line suite</th></tr>
<tr><td><a href="#t0">Command line test</a></td><td class="num">3</td><td class="num">0</td><td class="num attn">6</td><td class="num">37,568</td><td></td><td></td></tr>
</table>
<table id='summary'><thead><tr><th>Class</th><th>Method</th><th>Start</th><th>Time (ms)</th></tr></thead><tbody><tr><th colspan="4">Command line suite</th></tr></tbody><tbody id="t0"><tr><th colspan="4">Command line test &#8212; failed</th></tr><tr class="failedeven"><td rowspan="1">Test.CatalogTest</td><td><a href="#m0">CheckWorkoutsButton</a></td><td rowspan="1">1645082711088</td><td rowspan="1">0</td></tr><tr class="failedodd"><td rowspan="2">Test.CreatingAProgramTest</td><td><a href="#m1">CreateAProgramTest</a></td><td rowspan="1">1645082748545</td><td rowspan="1">0</td></tr><tr class="failedodd"><td><a href="#m2">TestNumberofExercises</a></td><td rowspan="1">1645082748579</td><td rowspan="1">0</td></tr><tr class="failedeven"><td rowspan="2">Test.HomeTest</td><td><a href="#m3">CHeckLoginWorks</a></td><td rowspan="1">1645082711113</td><td rowspan="1">0</td></tr><tr class="failedeven"><td><a href="#m4">checkLogoutWorks</a></td><td rowspan="1">1645082726114</td><td rowspan="1">0</td></tr><tr class="failedodd"><td rowspan="1">Test.LoginTest</td><td><a href="#m5">LoginTest</a></td><td rowspan="1">1645082748579</td><td rowspan="1">6</td></tr><tr><th colspan="4">Command line test &#8212; passed</th></tr><tr class="passedeven"><td rowspan="3">Test.HomeTest</td><td><a href="#m6">CheckHowitWorksButtonWorks</a></td><td rowspan="1">1645082715637</td><td rowspan="1">8825</td></tr><tr class="passedeven"><td><a href="#m7">checkWorkoutsButton</a></td><td rowspan="1">1645082728550</td><td rowspan="1">4112</td></tr><tr class="passedeven"><td><a href="#m8">footerLinksOpenTest</a></td><td rowspan="1">1645082736062</td><td rowspan="1">11352</td></tr></tbody>
</table>
<h2>Command line test</h2><h3 id="m0">Test.CatalogTest#CheckWorkoutsButton</h3><table class="result"><tr><th>Exception</th></tr><tr><td><div class="stacktrace">org.testng.TestNGException: 
Parameter &apos;username&apos; is required by @Test on method CheckWorkoutsButton but has not been marked @Optional or defined

... Removed 34 stack frames</div></td></tr></table><p class="totop"><a href="#summary">back to summary</a></p>
<h3 id="m1">Test.CreatingAProgramTest#CreateAProgramTest</h3><table class="result"><tr><th>Exception</th></tr><tr><td><div class="stacktrace">org.testng.TestNGException: 
Parameter &apos;username&apos; is required by @Test on method CreateAProgramTest but has not been marked @Optional or defined

... Removed 34 stack frames</div></td></tr></table><p class="totop"><a href="#summary">back to summary</a></p>
<h3 id="m2">Test.CreatingAProgramTest#TestNumberofExercises</h3><table class="result"><tr><th>Exception</th></tr><tr><td><div class="stacktrace">org.testng.TestNGException: 
Parameter &apos;username&apos; is required by @Test on method TestNumberofExercises but has not been marked @Optional or defined

... Removed 34 stack frames</div></td></tr></table><p class="totop"><a href="#summary">back to summary</a></p>
<h3 id="m3">Test.HomeTest#CHeckLoginWorks</h3><table class="result"><tr><th>Exception</th></tr><tr><td><div class="stacktrace">org.testng.TestNGException: 
Parameter &apos;username&apos; is required by @Test on method CHeckLoginWorks but has not been marked @Optional or defined

... Removed 34 stack frames</div></td></tr></table><p class="totop"><a href="#summary">back to summary</a></p>
<h3 id="m4">Test.HomeTest#checkLogoutWorks</h3><table class="result"><tr><th>Exception</th></tr><tr><td><div class="stacktrace">org.testng.TestNGException: 
Parameter &apos;username&apos; is required by @Test on method checkLogoutWorks but has not been marked @Optional or defined

... Removed 34 stack frames</div></td></tr></table><p class="totop"><a href="#summary">back to summary</a></p>
<h3 id="m5">Test.LoginTest#LoginTest</h3><table class="result"><tr><th>Exception</th></tr><tr><td><div class="stacktrace">java.lang.NullPointerException
	at PageObjects.HomePageObjects.openPage(HomePageObjects.java:58)
	at Test.LoginTest.LoginTest(LoginTest.java:18)
... Removed 35 stack frames</div></td></tr></table><p class="totop"><a href="#summary">back to summary</a></p>
<h3 id="m6">Test.HomeTest#CheckHowitWorksButtonWorks</h3><table class="result"><tr><th class="invisible"/></tr></table><p class="totop"><a href="#summary">back to summary</a></p>
<h3 id="m7">Test.HomeTest#checkWorkoutsButton</h3><table class="result"><tr><th class="invisible"/></tr></table><p class="totop"><a href="#summary">back to summary</a></p>
<h3 id="m8">Test.HomeTest#footerLinksOpenTest</h3><table class="result"><tr><th class="invisible"/></tr></table><p class="totop"><a href="#summary">back to summary</a></p>
</body>
</html>
