<?xml version="1.0" encoding="UTF-8"?>
<!-- Generated by org.testng.reporters.JUnitXMLReporter -->
<testsuite ignored="0" hostname="DESKTOP-1BI5ONN" failures="6" tests="9" name="Command line test" time="37.568" errors="0" timestamp="17 Feb 2022 07:25:52 GMT">
  <testcase classname="Test.CatalogTest" name="CheckWorkoutsButton" time="0.0">
    <failure type="org.testng.TestNGException" message="
Parameter &amp;apos;username&amp;apos; is required by @Test on method CheckWorkoutsButton but has not been marked @Optional or defined
">
      <![CDATA[org.testng.TestNGException: 
Parameter 'username' is required by @Test on method CheckWorkoutsButton but has not been marked @Optional or defined

... Removed 34 stack frames]]>
    </failure>
  </testcase> <!-- CheckWorkoutsButton -->
  <testcase classname="Test.HomeTest" name="CHeckLoginWorks" time="0.0">
    <failure type="org.testng.TestNGException" message="
Parameter &amp;apos;username&amp;apos; is required by @Test on method CHeckLoginWorks but has not been marked @Optional or defined
">
      <![CDATA[org.testng.TestNGException: 
Parameter 'username' is required by @Test on method CHeckLoginWorks but has not been marked @Optional or defined

... Removed 34 stack frames]]>
    </failure>
  </testcase> <!-- CHeckLoginWorks -->
  <testcase classname="Test.HomeTest" name="CheckHowitWorksButtonWorks" time="8.825"/>
  <testcase classname="Test.HomeTest" name="checkLogoutWorks" time="0.0">
    <failure type="org.testng.TestNGException" message="
Parameter &amp;apos;username&amp;apos; is required by @Test on method checkLogoutWorks but has not been marked @Optional or defined
">
      <![CDATA[org.testng.TestNGException: 
Parameter 'username' is required by @Test on method checkLogoutWorks but has not been marked @Optional or defined

... Removed 34 stack frames]]>
    </failure>
  </testcase> <!-- checkLogoutWorks -->
  <testcase classname="Test.HomeTest" name="checkWorkoutsButton" time="4.112"/>
  <testcase classname="Test.HomeTest" name="footerLinksOpenTest" time="11.352"/>
  <testcase classname="Test.CreatingAProgramTest" name="CreateAProgramTest" time="0.0">
    <failure type="org.testng.TestNGException" message="
Parameter &amp;apos;username&amp;apos; is required by @Test on method CreateAProgramTest but has not been marked @Optional or defined
">
      <![CDATA[org.testng.TestNGException: 
Parameter 'username' is required by @Test on method CreateAProgramTest but has not been marked @Optional or defined

... Removed 34 stack frames]]>
    </failure>
  </testcase> <!-- CreateAProgramTest -->
  <testcase classname="Test.CreatingAProgramTest" name="TestNumberofExercises" time="0.0">
    <failure type="org.testng.TestNGException" message="
Parameter &amp;apos;username&amp;apos; is required by @Test on method TestNumberofExercises but has not been marked @Optional or defined
">
      <![CDATA[org.testng.TestNGException: 
Parameter 'username' is required by @Test on method TestNumberofExercises but has not been marked @Optional or defined

... Removed 34 stack frames]]>
    </failure>
  </testcase> <!-- TestNumberofExercises -->
  <testcase classname="Test.LoginTest" name="LoginTest" time="0.006">
    <failure type="java.lang.NullPointerException">
      <![CDATA[java.lang.NullPointerException
at PageObjects.HomePageObjects.openPage(HomePageObjects.java:58)
at Test.LoginTest.LoginTest(LoginTest.java:18)
... Removed 35 stack frames]]>
    </failure>
  </testcase> <!-- LoginTest -->
</testsuite> <!-- Command line test -->
